28-Aug-2024 18:46:52.875 INFO [main] org.apache.catalina.startup.VersionLoggerListener.log Server version name:   Apache Tomcat/9.0.89
28-Aug-2024 18:46:52.881 INFO [main] org.apache.catalina.startup.VersionLoggerListener.log Server built:          May 3 2024 20:22:11 UTC
28-Aug-2024 18:46:52.881 INFO [main] org.apache.catalina.startup.VersionLoggerListener.log Server version number: 9.0.89.0
28-Aug-2024 18:46:52.882 INFO [main] org.apache.catalina.startup.VersionLoggerListener.log OS Name:               Windows 10
28-Aug-2024 18:46:52.882 INFO [main] org.apache.catalina.startup.VersionLoggerListener.log OS Version:            10.0
28-Aug-2024 18:46:52.882 INFO [main] org.apache.catalina.startup.VersionLoggerListener.log Architecture:          amd64
28-Aug-2024 18:46:52.882 INFO [main] org.apache.catalina.startup.VersionLoggerListener.log Java Home:             C:\Users\mushtaq.ahamad\Downloads\java\jdk-17_windows-x64_bin\jdk-17
28-Aug-2024 18:46:52.882 INFO [main] org.apache.catalina.startup.VersionLoggerListener.log JVM Version:           17+35-LTS-2724
28-Aug-2024 18:46:52.882 INFO [main] org.apache.catalina.startup.VersionLoggerListener.log JVM Vendor:            Oracle Corporation
28-Aug-2024 18:46:52.882 INFO [main] org.apache.catalina.startup.VersionLoggerListener.log CATALINA_BASE:         C:\Users\mushtaq.ahamad\Downloads\SpringBootDemo
28-Aug-2024 18:46:52.882 INFO [main] org.apache.catalina.startup.VersionLoggerListener.log CATALINA_HOME:         C:\Users\mushtaq.ahamad\Downloads\apache-tomcat-9.0.89-windows-x64\apache-tomcat-9.0.89
28-Aug-2024 18:46:52.904 INFO [main] org.apache.catalina.startup.VersionLoggerListener.log Command line argument: --add-opens=java.base/java.lang=ALL-UNNAMED
28-Aug-2024 18:46:52.904 INFO [main] org.apache.catalina.startup.VersionLoggerListener.log Command line argument: --add-opens=java.base/java.io=ALL-UNNAMED
28-Aug-2024 18:46:52.904 INFO [main] org.apache.catalina.startup.VersionLoggerListener.log Command line argument: --add-opens=java.base/java.util=ALL-UNNAMED
28-Aug-2024 18:46:52.904 INFO [main] org.apache.catalina.startup.VersionLoggerListener.log Command line argument: --add-opens=java.base/java.util.concurrent=ALL-UNNAMED
28-Aug-2024 18:46:52.904 INFO [main] org.apache.catalina.startup.VersionLoggerListener.log Command line argument: --add-opens=java.rmi/sun.rmi.transport=ALL-UNNAMED
28-Aug-2024 18:46:52.904 INFO [main] org.apache.catalina.startup.VersionLoggerListener.log Command line argument: -Dcatalina.home=C:\Users\mushtaq.ahamad\Downloads\apache-tomcat-9.0.89-windows-x64\apache-tomcat-9.0.89
28-Aug-2024 18:46:52.905 INFO [main] org.apache.catalina.startup.VersionLoggerListener.log Command line argument: -Dcatalina.base=C:\Users\mushtaq.ahamad\Downloads\SpringBootDemo
28-Aug-2024 18:46:52.905 INFO [main] org.apache.catalina.startup.VersionLoggerListener.log Command line argument: -Djava.io.tmpdir=C:\Users\mushtaq.ahamad\Downloads\SpringBootDemo\temp
28-Aug-2024 18:46:52.905 INFO [main] org.apache.catalina.startup.VersionLoggerListener.log Command line argument: -Djava.util.logging.config.file=C:\Users\mushtaq.ahamad\Downloads\SpringBootDemo\conf\logging.properties
28-Aug-2024 18:46:52.905 INFO [main] org.apache.catalina.startup.VersionLoggerListener.log Command line argument: -Djava.util.logging.manager=org.apache.juli.ClassLoaderLogManager
28-Aug-2024 18:46:52.905 INFO [main] org.apache.catalina.startup.VersionLoggerListener.log Command line argument: -javaagent:C:\Users\mushtaq.ahamad\AppData\Local\JetBrains\IntelliJ IDEA Community Edition 2023.2.5\lib\idea_rt.jar=51089:C:\Users\mushtaq.ahamad\AppData\Local\JetBrains\IntelliJ IDEA Community Edition 2023.2.5\bin
28-Aug-2024 18:46:52.905 INFO [main] org.apache.catalina.startup.VersionLoggerListener.log Command line argument: -Dfile.encoding=UTF-8
28-Aug-2024 18:46:52.905 INFO [main] org.apache.catalina.startup.VersionLoggerListener.log Command line argument: -agentpath:C:\Program Files\SentinelOne\Sentinel Agent 23.4.4.223\SentinelJava64.dll=extendedCapabilities
28-Aug-2024 18:46:52.917 INFO [main] org.apache.catalina.core.AprLifecycleListener.lifecycleEvent Loaded Apache Tomcat Native library [1.3.0] using APR version [1.7.4].
28-Aug-2024 18:46:52.917 INFO [main] org.apache.catalina.core.AprLifecycleListener.lifecycleEvent APR capabilities: IPv6 [true], sendfile [true], accept filters [false], random [true], UDS [true].
28-Aug-2024 18:46:52.917 INFO [main] org.apache.catalina.core.AprLifecycleListener.lifecycleEvent APR/OpenSSL configuration: useAprConnector [false], useOpenSSL [true]
28-Aug-2024 18:46:52.945 INFO [main] org.apache.catalina.core.AprLifecycleListener.initializeSSL OpenSSL successfully initialized [OpenSSL 3.0.13 30 Jan 2024]
28-Aug-2024 18:46:53.346 INFO [main] org.apache.coyote.AbstractProtocol.init Initializing ProtocolHandler ["http-nio-8080"]
28-Aug-2024 18:46:53.387 INFO [main] org.apache.catalina.startup.Catalina.load Server initialization in [1018] milliseconds
28-Aug-2024 18:46:53.489 INFO [main] org.apache.catalina.core.StandardService.startInternal Starting service [Catalina]
28-Aug-2024 18:46:53.490 INFO [main] org.apache.catalina.core.StandardEngine.startInternal Starting Servlet engine: [Apache Tomcat/9.0.89]
28-Aug-2024 18:46:53.521 INFO [main] org.apache.catalina.startup.HostConfig.deployDescriptor Deploying deployment descriptor [C:\Users\mushtaq.ahamad\Downloads\SpringBootDemo\conf\Catalina\localhost\ROOT.xml]
28-Aug-2024 18:46:54.747 WARNING [main] org.apache.tomcat.util.descriptor.web.WebXml.setVersion Unknown version string [5.0]. Default version will be used.
28-Aug-2024 18:46:54.766 WARNING [main] org.apache.tomcat.util.descriptor.web.WebXml.setVersion Unknown version string [6.0]. Default version will be used.
28-Aug-2024 18:46:54.798 WARNING [main] org.apache.tomcat.util.descriptor.web.WebXml.setVersion Unknown version string [6.0]. Default version will be used.
28-Aug-2024 18:47:11.879 INFO [main] org.apache.jasper.servlet.TldScanner.scanJars At least one JAR was scanned for TLDs yet contained no TLDs. Enable debug logging for this logger for a complete list of JARs that were scanned but no TLDs were found in them. Skipping unneeded JARs during scanning can improve startup time and JSP compilation time.
28-Aug-2024 18:47:12.150 INFO [main] org.apache.catalina.startup.HostConfig.deployDescriptor Deployment of deployment descriptor [C:\Users\mushtaq.ahamad\Downloads\SpringBootDemo\conf\Catalina\localhost\ROOT.xml] has finished in [18,627] ms
28-Aug-2024 18:47:12.162 INFO [main] org.apache.coyote.AbstractProtocol.start Starting ProtocolHandler ["http-nio-8080"]
28-Aug-2024 18:47:12.317 INFO [main] org.apache.catalina.startup.Catalina.start Server startup in [18929] milliseconds
28-Aug-2024 18:50:57.720 INFO [Thread-1] org.apache.coyote.AbstractProtocol.pause Pausing ProtocolHandler ["http-nio-8080"]
28-Aug-2024 18:50:57.729 INFO [Thread-1] org.apache.catalina.core.StandardService.stopInternal Stopping service [Catalina]
28-Aug-2024 18:50:57.739 INFO [Thread-1] org.apache.coyote.AbstractProtocol.stop Stopping ProtocolHandler ["http-nio-8080"]
28-Aug-2024 18:50:57.742 INFO [Thread-1] org.apache.coyote.AbstractProtocol.destroy Destroying ProtocolHandler ["http-nio-8080"]
